__tests__/api/reset-password.test.tsx(10,26): error TS2307: Cannot find module '@/lib/supabase/supabase' or its corresponding type declarations.
__tests__/api/signin.test.tsx(9,24): error TS2307: Cannot find module '@/app/signin/page' or its corresponding type declarations.
__tests__/chart/useChartCore.test.ts(103,21): error TS2345: Argument of type 'string' is not assignable to parameter of type 'SeriesDefinition<keyof SeriesOptionsMap>'.
  Type 'string' is not assignable to type 'SeriesDefinition<keyof SeriesOptionsMap>'.
__tests__/chart/useChartCore.test.ts(118,36): error TS2345: Argument of type 'string' is not assignable to parameter of type 'SeriesDefinition<keyof SeriesOptionsMap>'.
  Type 'string' is not assignable to type 'SeriesDefinition<keyof SeriesOptionsMap>'.
__tests__/chart/useChartSectionInit.test.ts(11,32): error TS2307: Cannot find module '@/store/useSymbolStore' or its corresponding type declarations.
__tests__/chart/useChartSectionInit.test.ts(12,10): error TS2305: Module '"@/store/chart"' has no exported member 'useChartDataStore'.
__tests__/chart/useIndicators.test.ts(61,7): error TS2322: Type 'Mock<UnknownFunction>' is not assignable to type '() => ITimeScaleApi<Time>'.
  Type 'unknown' is not assignable to type 'ITimeScaleApi<Time>'.
__tests__/components/ChartContainer.test.tsx(14,32): error TS2307: Cannot find module '../../store/useSymbolStore' or its corresponding type declarations.
__tests__/components/ChartContainer.test.tsx(15,10): error TS2305: Module '"../../store/chart"' has no exported member 'useChartDataStore'.
__tests__/components/symbol/SymbolList.test.tsx(9,33): error TS2307: Cannot find module '@/store/useSymbolStore' or its corresponding type declarations.
__tests__/hooks/symbol/usePopularSymbols.test.ts(8,48): error TS2307: Cannot find module '@/store/useSymbolStore' or its corresponding type declarations.
__tests__/hooks/useAuth.test.tsx(9,26): error TS2307: Cannot find module '@/lib/supabase/supabase' or its corresponding type declarations.
__tests__/hooks/useAuth.test.tsx(135,45): error TS2339: Property 'resetPassword' does not exist on type 'AuthContextType'.
__tests__/integration/data-flow/instrument-type-change-flow.test.ts(7,36): error TS2307: Cannot find module '../../../store/socketActions' or its corresponding type declarations.
__tests__/integration/data-flow/symbol-change-flow.test.ts(5,36): error TS2307: Cannot find module '../../../store/socketActions' or its corresponding type declarations.
__tests__/server/bitgetWebSocketManager.test.ts(45,6): error TS2352: Conversion of type 'typeof WebSocket' to type 'Mock<any, any, any>' may be a mistake because neither type sufficiently overlaps with the other. If this was intentional, convert the expression to 'unknown' first.
  Type 'typeof WebSocket' is missing the following properties from type 'Mock<any, any, any>': getMockName, mock, mockClear, mockReset, and 13 more.
__tests__/server/bitgetWebSocketManager.test.ts(99,8): error TS2352: Conversion of type 'typeof WebSocket' to type 'Mock<any, any, any>' may be a mistake because neither type sufficiently overlaps with the other. If this was intentional, convert the expression to 'unknown' first.
  Type 'typeof WebSocket' is missing the following properties from type 'Mock<any, any, any>': getMockName, mock, mockClear, mockReset, and 13 more.
__tests__/unit/store/socketActions.test.ts(53,32): error TS2307: Cannot find module '../../../store/socketActions' or its corresponding type declarations.
__tests__/unit/utils/socketClient.test.ts(28,153): error TS2352: Conversion of type '{ on: jest.Mock<Socket<DefaultEventsMap, DefaultEventsMap> & { _eventHandlers?: Record<string, (...args: any[]) => void>; _emitBuffer?: Array<{ event: string; args: any[]; }>; }, [event: ...], any>; ... 23 more ...; pid: string; }' to type 'Socket<DefaultEventsMap, DefaultEventsMap> & { _eventHandlers?: Record<string, (...args: any[]) => void> | undefined; _emitBuffer?: { ...; }[] | undefined; }' may be a mistake because neither type sufficiently overlaps with the other. If this was intentional, convert the expression to 'unknown' first.
  Type '{ on: Mock<Socket<DefaultEventsMap, DefaultEventsMap> & { _eventHandlers?: Record<string, (...args: any[]) => void> | undefined; _emitBuffer?: { ...; }[] | undefined; }, [event: ...], any>; ... 23 more ...; pid: string; }' is missing the following properties from type 'Socket<DefaultEventsMap, DefaultEventsMap>': _pid, _lastOffset, receiveBuffer, sendBuffer, and 42 more.
app/forgot-password/page.tsx(20,11): error TS2339: Property 'resetPassword' does not exist on type 'AuthContextType'.
components/chart/container/ChartBody.tsx(15,15): error TS2305: Module '"@/types/store"' has no exported member 'ActiveIndicator'.
components/chart/container/ChartFooter.tsx(12,15): error TS2305: Module '"@/types/store"' has no exported member 'ActiveIndicator'.
components/chart/container/ChartFooter.tsx(12,32): error TS2305: Module '"@/types/store"' has no exported member 'IndicatorType'.
components/chart/container/ChartFooter.tsx(12,47): error TS2305: Module '"@/types/store"' has no exported member 'DrawingToolType'.
components/chart/container/index.tsx(20,15): error TS2305: Module '"@/types/store"' has no exported member 'IndicatorType'.
components/chart/container/index.tsx(20,30): error TS2305: Module '"@/types/store"' has no exported member 'DrawingToolType'.
components/chart/toolbar/index.tsx(12,10): error TS2305: Module '"@/types/store"' has no exported member 'TabType'.
components/chart/toolbar/index.tsx(90,11): error TS2322: Type 'number | null' is not assignable to type 'number'.
  Type 'null' is not assignable to type 'number'.
components/chart/toolbar/ui/IndicatorPopover.tsx(15,10): error TS2305: Module '"@/types/store"' has no exported member 'IndicatorType'.
components/chart/toolbar/ui/IndicatorPopover.tsx(15,25): error TS2305: Module '"@/types/store"' has no exported member 'DrawingToolType'.
components/chat/window/ui/__tests__/MessageListWrapper.test.tsx(27,5): error TS2353: Object literal may only specify known properties, and 'entryPrice' does not exist in type 'Partial<OpenEntry>'.
components/market/OrderBook.tsx(30,23): error TS2307: Cannot find module '../../styles/colors' or its corresponding type declarations.
components/market/OrderBook.tsx(42,42): error TS2307: Cannot find module '../../types/orderbook' or its corresponding type declarations.
components/market/OrderBook.tsx(43,25): error TS2307: Cannot find module '../ui/spinner' or its corresponding type declarations.
components/position/history/PositionServerComponent.tsx(75,24): error TS7006: Parameter 'lastPage' implicitly has an 'any' type.
components/symbol/Selector/SymbolSelector.tsx(24,10): error TS2614: Module '"@/services/symbol/symbol-service"' has no exported member 'SymbolInfo'. Did you mean to use 'import SymbolInfo from "@/services/symbol/symbol-service"' instead?
components/symbol/Selector/ui/FilterBar.tsx(13,36): error TS2307: Cannot find module '@/store/useSymbolStore' or its corresponding type declarations.
components/symbol/Selector/ui/PopularList.tsx(14,33): error TS2307: Cannot find module '@/store/useSymbolStore' or its corresponding type declarations.
components/symbol/Selector/ui/SymbolList.tsx(17,33): error TS2307: Cannot find module '@/store/useSymbolStore' or its corresponding type declarations.
hooks/chart/__tests__/useToolbarEvents.test.ts(10,10): error TS2305: Module '"@/store"' has no exported member 'useChartDataStore'.
hooks/chart/__tests__/useToolbarEvents.test.ts(10,29): error TS2305: Module '"@/store"' has no exported member 'useSymbolStore'.
hooks/chart/canvas/useChartStores.ts(24,15): error TS2305: Module '"@/types/store"' has no exported member 'IndicatorType'.
hooks/chart/canvas/useChartStores.ts(24,30): error TS2305: Module '"@/types/store"' has no exported member 'DrawingToolType'.
hooks/chart/toolbar/useChartToolbar.ts(26,10): error TS2305: Module '"@/types/store"' has no exported member 'TabType'.
hooks/chart/toolbar/useToolbarStores.ts(54,10): error TS2305: Module '"@/types/store"' has no exported member 'IndicatorType'.
hooks/chart/toolbar/useToolbarStores.ts(54,25): error TS2305: Module '"@/types/store"' has no exported member 'DrawingToolType'.
hooks/chart/useChartStores.ts(25,15): error TS2305: Module '"@/types/store"' has no exported member 'IndicatorType'.
hooks/chart/useChartStores.ts(25,30): error TS2305: Module '"@/types/store"' has no exported member 'DrawingToolType'.
hooks/chart/useToolbarStores.ts(49,10): error TS2305: Module '"@/types/store"' has no exported member 'IndicatorType'.
hooks/chart/useToolbarStores.ts(49,25): error TS2305: Module '"@/types/store"' has no exported member 'DrawingToolType'.
hooks/debug/__tests__/useDebugPolling.test.ts(2,33): error TS2307: Cannot find module '../utils/useDebugPolling' or its corresponding type declarations.
hooks/debug/__tests__/useLogs.test.ts(2,35): error TS2307: Cannot find module '../useLogs' or its corresponding type declarations.
lib/supabase/__tests__/supabase-entry.test.ts(6,65): error TS2307: Cannot find module 'vitest' or its corresponding type declarations.
lib/supabase/features/settings.ts(387,11): error TS2769: No overload matches this call.
  Overload 1 of 2, '(relation: "entries" | "backtest_data" | "users" | "cached_data" | "chart_settings" | "chat_images" | "chat_messages" | "conversations" | "indicator_settings" | "profiles" | "symbol_settings" | "user_relations" | "memories"): PostgrestQueryBuilder<...>', gave the following error.
    Argument of type '"user_settings"' is not assignable to parameter of type '"entries" | "backtest_data" | "users" | "cached_data" | "chart_settings" | "chat_images" | "chat_messages" | "conversations" | "indicator_settings" | "profiles" | "symbol_settings" | "user_relations" | "memories"'.
  Overload 2 of 2, '(relation: never): PostgrestQueryBuilder<{ Tables: { backtest_data: { Row: { created_at: string | null; end_date: string; id: string; name: string; results: Json; start_date: string; strategy: Json; symbol: string; timeframe: string; updated_at: string | null; user_id: string; }; Insert: { ...; }; Update: { ...; }; Relationships: [...]; }; ... 11 more ...; memories: { ...; }; }; Views: {}; Functions: {}; Enums: {}; CompositeTypes: {}; }, never, never, never>', gave the following error.
    Argument of type '"user_settings"' is not assignable to parameter of type 'never'.
lib/supabase/features/settings.ts(400,16): error TS2339: Property 'settings' does not exist on type 'SelectQueryError<"column 'settings' does not exist on 'entries'."> | SelectQueryError<"column 'settings' does not exist on 'backtest_data'."> | ... 10 more ... | SelectQueryError<...>'.
  Property 'settings' does not exist on type 'SelectQueryError<"column 'settings' does not exist on 'entries'.">'.
lib/supabase/features/settings.ts(417,11): error TS2769: No overload matches this call.
  Overload 1 of 2, '(relation: "entries" | "backtest_data" | "users" | "cached_data" | "chart_settings" | "chat_images" | "chat_messages" | "conversations" | "indicator_settings" | "profiles" | "symbol_settings" | "user_relations" | "memories"): PostgrestQueryBuilder<...>', gave the following error.
    Argument of type '"user_settings"' is not assignable to parameter of type '"entries" | "backtest_data" | "users" | "cached_data" | "chart_settings" | "chat_images" | "chat_messages" | "conversations" | "indicator_settings" | "profiles" | "symbol_settings" | "user_relations" | "memories"'.
  Overload 2 of 2, '(relation: never): PostgrestQueryBuilder<{ Tables: { backtest_data: { Row: { created_at: string | null; end_date: string; id: string; name: string; results: Json; start_date: string; strategy: Json; symbol: string; timeframe: string; updated_at: string | null; user_id: string; }; Insert: { ...; }; Update: { ...; }; Relationships: [...]; }; ... 11 more ...; memories: { ...; }; }; Views: {}; Functions: {}; Enums: {}; CompositeTypes: {}; }, never, never, never>', gave the following error.
    Argument of type '"user_settings"' is not assignable to parameter of type 'never'.
lib/supabase/index.ts(25,26): error TS2307: Cannot find module './supabase' or its corresponding type declarations.
services/socket/realtime.ts(4,10): error TS2724: '"./socket-service"' has no exported member named 'socketService'. Did you mean 'SocketService'?
store/chart/data/actions.ts(220,9): error TS2560: Value of type '(state: ChartDataSliceState) => Partial<T>' has no properties in common with type 'Partial<T>'. Did you mean to call it?
store/chart/data/actions.ts(463,9): error TS2560: Value of type '(state: ChartDataSliceState) => Partial<T>' has no properties in common with type 'Partial<T>'. Did you mean to call it?
store/chart/drawingTool/actions.ts(4,15): error TS2305: Module '"@/types/store"' has no exported member 'DrawingToolType'.
store/chart/drawingTool/state.ts(4,15): error TS2305: Module '"@/types/store"' has no exported member 'DrawingToolType'.
store/chart/indicator/actions.ts(4,15): error TS2305: Module '"@/types/store"' has no exported member 'IndicatorType'.
store/chart/indicator/actions.ts(4,30): error TS2305: Module '"@/types/store"' has no exported member 'ActiveIndicator'.
store/chart/indicator/selectors.ts(5,15): error TS2305: Module '"@/types/store"' has no exported member 'IndicatorType'.
store/chart/indicator/state.ts(4,15): error TS2305: Module '"@/types/store"' has no exported member 'ActiveIndicator'.
store/chat/actions.ts(444,13): error TS2339: Property 'startMessageSubscription' does not exist on type 'ChatSliceState'.
store/chat/actions.ts(800,8): error TS7006: Parameter 'error' implicitly has an 'any' type.
store/chat/actions.ts(826,7): error TS2554: Expected 2-3 arguments, but got 4.
store/chat/actions.ts(826,8): error TS7006: Parameter 'status' implicitly has an 'any' type.
store/core/createPersistedSlice.ts(23,19): error TS2345: Argument of type 'StateCreator<T & U, [], [["zustand/immer", never]]>' is not assignable to parameter of type '(T & U) | Partial<T & U> | ((state: T & U) => (T & U) | Partial<T & U>)'.
  Type 'StateCreator<T & U, [], [["zustand/immer", never]]>' is not assignable to type '(state: T & U) => (T & U) | Partial<T & U>'.
    Target signature provides too few arguments. Expected 3 or more, but got 1.
store/core/createPersistedSlice.ts(23,32): error TS2345: Argument of type '(state: { (nextStateOrUpdater: Exclude<T & U, (...args: any[]) => any> | Partial<Exclude<T & U, (...args: any[]) => any>> | ((state: Draft<Exclude<T & U, (...args: any[]) => any>>) => void), shouldReplace?: false | undefined): void; (nextStateOrUpdater: Exclude<...> | ((state: Draft<...>) => void), shouldReplace: tr...' is not assignable to parameter of type 'StateCreator<T & U, [["zustand/immer", never]], []>'.
  Type '(state: { (nextStateOrUpdater: Exclude<T & U, (...args: any[]) => any> | Partial<Exclude<T & U, (...args: any[]) => any>> | ((state: Draft<Exclude<T & U, (...args: any[]) => any>>) => void), shouldReplace?: false | undefined): void; (nextStateOrUpdater: Exclude<...> | ((state: Draft<...>) => void), shouldReplace: tr...' is not assignable to type '(setState: { (nextStateOrUpdater: Exclude<T & U, (...args: any[]) => any> | Partial<Exclude<T & U, (...args: any[]) => any>> | ((state: Draft<Exclude<T & U, (...args: any[]) => any>>) => void), shouldReplace?: false | undefined): void; (nextStateOrUpdater: Exclude<...> | ((state: Draft<...>) => void), shouldReplace:...'.
    Type 'void' is not assignable to type 'T & U'.
      Type 'void' is not assignable to type 'T'.
        'T' could be instantiated with an arbitrary type which could be unrelated to 'void'.
store/entry/index.ts(135,34): error TS2345: Argument of type '() => unknown' is not assignable to parameter of type '() => EntrySliceState'.
  Type 'unknown' is not assignable to type 'EntrySliceState'.
store/rootStore.ts(218,13): error TS2345: Argument of type '() => unknown' is not assignable to parameter of type '() => DataFetchSliceState & Record<string, unknown>'.
  Type 'unknown' is not assignable to type 'DataFetchSliceState & Record<string, unknown>'.
    Type 'unknown' is not assignable to type 'DataFetchSliceState'.
store/rootStore.ts(238,13): error TS2345: Argument of type '() => unknown' is not assignable to parameter of type '() => ChartDataSlice'.
  Type 'unknown' is not assignable to type 'ChartDataSlice'.
    Type 'unknown' is not assignable to type 'ChartDataSliceState'.
store/rootStore.ts(244,13): error TS2345: Argument of type '() => unknown' is not assignable to parameter of type '() => RealTimeSlice'.
  Type 'unknown' is not assignable to type 'RealTimeSlice'.
    Type 'unknown' is not assignable to type 'RealTimeSliceState'.
store/rootStore.ts(250,13): error TS2345: Argument of type '() => unknown' is not assignable to parameter of type '() => IndicatorSlice'.
  Type 'unknown' is not assignable to type 'IndicatorSlice'.
    Type 'unknown' is not assignable to type 'IndicatorSliceState'.
store/rootStore.ts(256,13): error TS2345: Argument of type '() => unknown' is not assignable to parameter of type '() => DrawingToolSlice'.
  Type 'unknown' is not assignable to type 'DrawingToolSlice'.
    Type 'unknown' is not assignable to type 'DrawingToolSliceState'.
store/rootStore.ts(262,13): error TS2345: Argument of type '() => unknown' is not assignable to parameter of type '() => ChartConfigSlice'.
  Type 'unknown' is not assignable to type 'ChartConfigSlice'.
    Type 'unknown' is not assignable to type 'ChartConfigSliceState'.
store/rootStore.ts(269,26): error TS2571: Object is of type 'unknown'.
store/rootStore.ts(271,25): error TS2571: Object is of type 'unknown'.
store/rootStore.ts(279,24): error TS2571: Object is of type 'unknown'.
store/rootStore.ts(280,29): error TS2571: Object is of type 'unknown'.
store/rootStore.ts(288,25): error TS2571: Object is of type 'unknown'.
store/rootStore.ts(289,28): error TS2571: Object is of type 'unknown'.
store/rootStore.ts(290,22): error TS2571: Object is of type 'unknown'.
store/rootStore.ts(298,26): error TS2571: Object is of type 'unknown'.
store/rootStore.ts(299,27): error TS2571: Object is of type 'unknown'.
store/rootStore.ts(300,30): error TS2571: Object is of type 'unknown'.
store/rootStore.ts(301,31): error TS2571: Object is of type 'unknown'.
store/rootStore.ts(302,28): error TS2571: Object is of type 'unknown'.
store/rootStore.ts(303,26): error TS2571: Object is of type 'unknown'.
store/rootStore.ts(304,26): error TS2571: Object is of type 'unknown'.
store/rootStore.ts(312,30): error TS2571: Object is of type 'unknown'.
store/rootStore.ts(313,29): error TS2571: Object is of type 'unknown'.
store/rootStore.ts(314,26): error TS2571: Object is of type 'unknown'.
store/rootStore.ts(315,35): error TS2571: Object is of type 'unknown'.
store/rootStore.ts(316,31): error TS2571: Object is of type 'unknown'.
store/rootStore.ts(317,23): error TS2571: Object is of type 'unknown'.
store/rootStore.ts(318,32): error TS2571: Object is of type 'unknown'.
store/rootStore.ts(319,28): error TS2571: Object is of type 'unknown'.
store/rootStore.ts(320,28): error TS2571: Object is of type 'unknown'.
store/rootStore.ts(321,37): error TS2571: Object is of type 'unknown'.
store/rootStore.ts(322,33): error TS2571: Object is of type 'unknown'.
store/rootStore.ts(323,24): error TS2571: Object is of type 'unknown'.
store/rootStore.ts(324,33): error TS2571: Object is of type 'unknown'.
store/rootStore.ts(325,29): error TS2571: Object is of type 'unknown'.
store/rootStore.ts(326,28): error TS2571: Object is of type 'unknown'.
store/rootStore.ts(327,26): error TS2571: Object is of type 'unknown'.
store/rootStore.ts(328,32): error TS2571: Object is of type 'unknown'.
store/rootStore.ts(329,27): error TS2571: Object is of type 'unknown'.
store/rootStore.ts(337,28): error TS2571: Object is of type 'unknown'.
store/rootStore.ts(345,29): error TS2571: Object is of type 'unknown'.
store/rootStore.ts(346,30): error TS2571: Object is of type 'unknown'.
store/rootStore.ts(347,31): error TS2571: Object is of type 'unknown'.
store/rootStore.ts(348,26): error TS2571: Object is of type 'unknown'.
store/rootStore.ts(349,22): error TS2571: Object is of type 'unknown'.
store/rootStore.ts(363,5): error TS2554: Expected 1 arguments, but got 2.
store/settings/selectors.ts(43,47): error TS18047: 'a.display_order' is possibly 'null'.
store/settings/selectors.ts(43,65): error TS18047: 'b.display_order' is possibly 'null'.
store/symbol/actions.ts(7,50): error TS2614: Module '"@/services/symbol/symbol-service"' has no exported member 'SymbolInfo'. Did you mean to use 'import SymbolInfo from "@/services/symbol/symbol-service"' instead?
store/symbol/selectors.ts(9,15): error TS2614: Module '"@/services/symbol/symbol-service"' has no exported member 'SymbolInfo'. Did you mean to use 'import SymbolInfo from "@/services/symbol/symbol-service"' instead?
store/symbol/state.ts(6,30): error TS2614: Module '"@/services/symbol/symbol-service"' has no exported member 'SymbolInfo'. Did you mean to use 'import SymbolInfo from "@/services/symbol/symbol-service"' instead?
store/ui/actions.ts(4,15): error TS2305: Module '"@/types/store"' has no exported member 'TabType'.
store/ui/selectors.ts(12,15): error TS2305: Module '"@/types/store"' has no exported member 'TabType'.
store/ui/state.ts(4,15): error TS2305: Module '"@/types/store"' has no exported member 'TabType'.
utils/chart/indicatorFactory.ts(10,10): error TS2305: Module '"@/types/store"' has no exported member 'IndicatorType'.
utils/index.ts(39,3): error TS2305: Module '"./common"' has no exported member 'formatCurrency'.
utils/index.ts(41,3): error TS2724: '"./common"' has no exported member named 'formatPercent'. Did you mean 'formatPercentage'?
utils/index.ts(42,3): error TS2305: Module '"./common"' has no exported member 'truncateText'.
utils/index.ts(48,3): error TS2305: Module '"./date"' has no exported member 'parseDate'.
utils/index.ts(49,3): error TS2305: Module '"./date"' has no exported member 'getTimeAgo'.
utils/index.ts(57,8): error TS2307: Cannot find module './market/formatters' or its corresponding type declarations.
utils/index.ts(65,8): error TS2307: Cannot find module './position/calculations' or its corresponding type declarations.
utils/market/index.ts(8,1): error TS2308: Module './price' has already exported a member named 'calculateProfitPercentage'. Consider explicitly re-exporting to resolve the ambiguity.
utils/market/orderbook-utils.ts(5,47): error TS2307: Cannot find module '../types/market' or its corresponding type declarations.
utils/position/index.ts(7,1): error TS2308: Module './position' has already exported a member named 'calculateProfit'. Consider explicitly re-exporting to resolve the ambiguity.
utils/position/index.ts(7,1): error TS2308: Module './position' has already exported a member named 'calculateProfitPercentage'. Consider explicitly re-exporting to resolve the ambiguity.
